This file contains any messages produced by compilers while
running configure, to aid debugging if configure makes a mistake.

It was created by configure, which was
generated by GNU Autoconf 2.68.  Invocation command line was

  $ ./configure --enable-debug

## --------- ##
## Platform. ##
## --------- ##

hostname = abo-ubuntu
uname -m = i686
uname -r = 3.11.0-13-generic
uname -s = Linux
uname -v = #20-Ubuntu SMP Wed Oct 23 17:26:33 UTC 2013

/usr/bin/uname -p = unknown
/bin/uname -X     = unknown

/bin/arch              = unknown
/usr/bin/arch -k       = unknown
/usr/convex/getsysinfo = unknown
/usr/bin/hostinfo      = unknown
/bin/machine           = unknown
/usr/bin/oslevel       = unknown
/bin/universe          = unknown

PATH: /usr/local/sbin
PATH: /usr/local/bin
PATH: /usr/sbin
PATH: /usr/bin
PATH: /sbin
PATH: /bin
PATH: /usr/games
PATH: /usr/local/games
PATH: /sbin/
PATH: /usr/sbin/
PATH: /opt/java/bin
PATH: /opt/racket/bin
PATH: /opt/sml/bin
PATH: /opt/eclipse
PATH: /home/abo/Documents/Android/android-sdk-linux/platform-tools


## ----------- ##
## Core tests. ##
## ----------- ##

configure:2338: checking for a BSD-compatible install
configure:2406: result: /usr/bin/install -c
configure:2417: checking whether build environment is sane
configure:2467: result: yes
configure:2608: checking for a thread-safe mkdir -p
configure:2647: result: /bin/mkdir -p
configure:2660: checking for gawk
configure:2690: result: no
configure:2660: checking for mawk
configure:2676: found /usr/bin/mawk
configure:2687: result: mawk
configure:2698: checking whether make sets $(MAKE)
configure:2720: result: yes
configure:2848: checking for gcc
configure:2864: found /usr/bin/gcc
configure:2875: result: gcc
configure:3104: checking for C compiler version
configure:3113: gcc --version >&5
gcc (Ubuntu/Linaro 4.8.1-10ubuntu9) 4.8.1
Copyright (C) 2013 Free Software Foundation, Inc.
This is free software; see the source for copying conditions.  There is NO
warranty; not even for MERCHANTABILITY or FITNESS FOR A PARTICULAR PURPOSE.

configure:3124: $? = 0
configure:3113: gcc -v >&5
Using built-in specs.
COLLECT_GCC=gcc
COLLECT_LTO_WRAPPER=/usr/lib/gcc/i686-linux-gnu/4.8/lto-wrapper
Target: i686-linux-gnu
Configured with: ../src/configure -v --with-pkgversion='Ubuntu/Linaro 4.8.1-10ubuntu9' --with-bugurl=file:///usr/share/doc/gcc-4.8/README.Bugs --enable-languages=c,c++,java,go,d,fortran,objc,obj-c++ --prefix=/usr --program-suffix=-4.8 --enable-shared --enable-linker-build-id --libexecdir=/usr/lib --without-included-gettext --enable-threads=posix --with-gxx-include-dir=/usr/include/c++/4.8 --libdir=/usr/lib --enable-nls --with-sysroot=/ --enable-clocale=gnu --enable-libstdcxx-debug --enable-libstdcxx-time=yes --enable-gnu-unique-object --enable-plugin --with-system-zlib --disable-browser-plugin --enable-java-awt=gtk --enable-gtk-cairo --with-java-home=/usr/lib/jvm/java-1.5.0-gcj-4.8-i386/jre --enable-java-home --with-jvm-root-dir=/usr/lib/jvm/java-1.5.0-gcj-4.8-i386 --with-jvm-jar-dir=/usr/lib/jvm-exports/java-1.5.0-gcj-4.8-i386 --with-arch-directory=i386 --with-ecj-jar=/usr/share/java/eclipse-ecj.jar --enable-objc-gc --enable-targets=all --enable-multiarch --disable-werror --with-arch-32=i686 --with-multilib-list=m32,m64,mx32 --with-tune=generic --enable-checking=release --build=i686-linux-gnu --host=i686-linux-gnu --target=i686-linux-gnu
Thread model: posix
gcc version 4.8.1 (Ubuntu/Linaro 4.8.1-10ubuntu9) 
configure:3124: $? = 0
configure:3113: gcc -V >&5
gcc: error: unrecognized command line option '-V'
gcc: fatal error: no input files
compilation terminated.
configure:3124: $? = 4
configure:3113: gcc -qversion >&5
gcc: error: unrecognized command line option '-qversion'
gcc: fatal error: no input files
compilation terminated.
configure:3124: $? = 4
configure:3144: checking whether the C compiler works
configure:3166: gcc    conftest.c  >&5
configure:3170: $? = 0
configure:3218: result: yes
configure:3221: checking for C compiler default output file name
configure:3223: result: a.out
configure:3229: checking for suffix of executables
configure:3236: gcc -o conftest    conftest.c  >&5
configure:3240: $? = 0
configure:3262: result: 
configure:3284: checking whether we are cross compiling
configure:3292: gcc -o conftest    conftest.c  >&5
configure:3296: $? = 0
configure:3303: ./conftest
configure:3307: $? = 0
configure:3322: result: no
configure:3327: checking for suffix of object files
configure:3349: gcc -c   conftest.c >&5
configure:3353: $? = 0
configure:3374: result: o
configure:3378: checking whether we are using the GNU C compiler
configure:3397: gcc -c   conftest.c >&5
configure:3397: $? = 0
configure:3406: result: yes
configure:3415: checking whether gcc accepts -g
configure:3435: gcc -c -g  conftest.c >&5
configure:3435: $? = 0
configure:3476: result: yes
configure:3493: checking for gcc option to accept ISO C89
configure:3557: gcc  -c -g -O2  conftest.c >&5
configure:3557: $? = 0
configure:3570: result: none needed
configure:3601: checking for style of include used by make
configure:3629: result: GNU
configure:3655: checking dependency style of gcc
configure:3766: result: gcc3
configure:3839: checking for g++
configure:3855: found /usr/bin/g++
configure:3866: result: g++
configure:3893: checking for C++ compiler version
configure:3902: g++ --version >&5
g++ (Ubuntu/Linaro 4.8.1-10ubuntu9) 4.8.1
Copyright (C) 2013 Free Software Foundation, Inc.
This is free software; see the source for copying conditions.  There is NO
warranty; not even for MERCHANTABILITY or FITNESS FOR A PARTICULAR PURPOSE.

configure:3913: $? = 0
configure:3902: g++ -v >&5
Using built-in specs.
COLLECT_GCC=g++
COLLECT_LTO_WRAPPER=/usr/lib/gcc/i686-linux-gnu/4.8/lto-wrapper
Target: i686-linux-gnu
Configured with: ../src/configure -v --with-pkgversion='Ubuntu/Linaro 4.8.1-10ubuntu9' --with-bugurl=file:///usr/share/doc/gcc-4.8/README.Bugs --enable-languages=c,c++,java,go,d,fortran,objc,obj-c++ --prefix=/usr --program-suffix=-4.8 --enable-shared --enable-linker-build-id --libexecdir=/usr/lib --without-included-gettext --enable-threads=posix --with-gxx-include-dir=/usr/include/c++/4.8 --libdir=/usr/lib --enable-nls --with-sysroot=/ --enable-clocale=gnu --enable-libstdcxx-debug --enable-libstdcxx-time=yes --enable-gnu-unique-object --enable-plugin --with-system-zlib --disable-browser-plugin --enable-java-awt=gtk --enable-gtk-cairo --with-java-home=/usr/lib/jvm/java-1.5.0-gcj-4.8-i386/jre --enable-java-home --with-jvm-root-dir=/usr/lib/jvm/java-1.5.0-gcj-4.8-i386 --with-jvm-jar-dir=/usr/lib/jvm-exports/java-1.5.0-gcj-4.8-i386 --with-arch-directory=i386 --with-ecj-jar=/usr/share/java/eclipse-ecj.jar --enable-objc-gc --enable-targets=all --enable-multiarch --disable-werror --with-arch-32=i686 --with-multilib-list=m32,m64,mx32 --with-tune=generic --enable-checking=release --build=i686-linux-gnu --host=i686-linux-gnu --target=i686-linux-gnu
Thread model: posix
gcc version 4.8.1 (Ubuntu/Linaro 4.8.1-10ubuntu9) 
configure:3913: $? = 0
configure:3902: g++ -V >&5
g++: error: unrecognized command line option '-V'
g++: fatal error: no input files
compilation terminated.
configure:3913: $? = 4
configure:3902: g++ -qversion >&5
g++: error: unrecognized command line option '-qversion'
g++: fatal error: no input files
compilation terminated.
configure:3913: $? = 4
configure:3917: checking whether we are using the GNU C++ compiler
configure:3936: g++ -c   conftest.cpp >&5
configure:3936: $? = 0
configure:3945: result: yes
configure:3954: checking whether g++ accepts -g
configure:3974: g++ -c -g  conftest.cpp >&5
configure:3974: $? = 0
configure:4015: result: yes
configure:4040: checking dependency style of g++
configure:4151: result: gcc3
configure:4210: checking for ranlib
configure:4226: found /usr/bin/ranlib
configure:4237: result: ranlib
configure:4267: checking how to run the C preprocessor
configure:4298: gcc -E  conftest.c
configure:4298: $? = 0
configure:4312: gcc -E  conftest.c
conftest.c:11:28: fatal error: ac_nonexistent.h: No such file or directory
 #include <ac_nonexistent.h>
                            ^
compilation terminated.
configure:4312: $? = 1
configure: failed program was:
| /* confdefs.h */
| #define PACKAGE_NAME ""
| #define PACKAGE_TARNAME ""
| #define PACKAGE_VERSION ""
| #define PACKAGE_STRING ""
| #define PACKAGE_BUGREPORT ""
| #define PACKAGE_URL ""
| #define PACKAGE "multi2sim"
| #define VERSION "4.0"
| /* end confdefs.h.  */
| #include <ac_nonexistent.h>
configure:4337: result: gcc -E
configure:4357: gcc -E  conftest.c
configure:4357: $? = 0
configure:4371: gcc -E  conftest.c
conftest.c:11:28: fatal error: ac_nonexistent.h: No such file or directory
 #include <ac_nonexistent.h>
                            ^
compilation terminated.
configure:4371: $? = 1
configure: failed program was:
| /* confdefs.h */
| #define PACKAGE_NAME ""
| #define PACKAGE_TARNAME ""
| #define PACKAGE_VERSION ""
| #define PACKAGE_STRING ""
| #define PACKAGE_BUGREPORT ""
| #define PACKAGE_URL ""
| #define PACKAGE "multi2sim"
| #define VERSION "4.0"
| /* end confdefs.h.  */
| #include <ac_nonexistent.h>
configure:4400: checking for grep that handles long lines and -e
configure:4458: result: /bin/grep
configure:4463: checking for egrep
configure:4525: result: /bin/grep -E
configure:4530: checking for ANSI C header files
configure:4550: gcc -c -g -O2  conftest.c >&5
configure:4550: $? = 0
configure:4623: gcc -o conftest -g -O2   conftest.c  >&5
configure:4623: $? = 0
configure:4623: ./conftest
configure:4623: $? = 0
configure:4634: result: yes
configure:4642: checking for sys/wait.h that is POSIX.1 compatible
configure:4668: gcc -c -g -O2  conftest.c >&5
configure:4668: $? = 0
configure:4675: result: yes
configure:4688: checking for sys/types.h
configure:4688: gcc -c -g -O2  conftest.c >&5
configure:4688: $? = 0
configure:4688: result: yes
configure:4688: checking for sys/stat.h
configure:4688: gcc -c -g -O2  conftest.c >&5
configure:4688: $? = 0
configure:4688: result: yes
configure:4688: checking for stdlib.h
configure:4688: gcc -c -g -O2  conftest.c >&5
configure:4688: $? = 0
configure:4688: result: yes
configure:4688: checking for string.h
configure:4688: gcc -c -g -O2  conftest.c >&5
configure:4688: $? = 0
configure:4688: result: yes
configure:4688: checking for memory.h
configure:4688: gcc -c -g -O2  conftest.c >&5
configure:4688: $? = 0
configure:4688: result: yes
configure:4688: checking for strings.h
configure:4688: gcc -c -g -O2  conftest.c >&5
configure:4688: $? = 0
configure:4688: result: yes
configure:4688: checking for inttypes.h
configure:4688: gcc -c -g -O2  conftest.c >&5
configure:4688: $? = 0
configure:4688: result: yes
configure:4688: checking for stdint.h
configure:4688: gcc -c -g -O2  conftest.c >&5
configure:4688: $? = 0
configure:4688: result: yes
configure:4688: checking for unistd.h
configure:4688: gcc -c -g -O2  conftest.c >&5
configure:4688: $? = 0
configure:4688: result: yes
configure:4703: checking fcntl.h usability
configure:4703: gcc -c -g -O2  conftest.c >&5
configure:4703: $? = 0
configure:4703: result: yes
configure:4703: checking fcntl.h presence
configure:4703: gcc -E  conftest.c
configure:4703: $? = 0
configure:4703: result: yes
configure:4703: checking for fcntl.h
configure:4703: result: yes
configure:4703: checking float.h usability
configure:4703: gcc -c -g -O2  conftest.c >&5
configure:4703: $? = 0
configure:4703: result: yes
configure:4703: checking float.h presence
configure:4703: gcc -E  conftest.c
configure:4703: $? = 0
configure:4703: result: yes
configure:4703: checking for float.h
configure:4703: result: yes
configure:4703: checking stddef.h usability
configure:4703: gcc -c -g -O2  conftest.c >&5
configure:4703: $? = 0
configure:4703: result: yes
configure:4703: checking stddef.h presence
configure:4703: gcc -E  conftest.c
configure:4703: $? = 0
configure:4703: result: yes
configure:4703: checking for stddef.h
configure:4703: result: yes
configure:4703: checking for stdint.h
configure:4703: result: yes
configure:4703: checking for stdlib.h
configure:4703: result: yes
configure:4703: checking for string.h
configure:4703: result: yes
configure:4703: checking sys/ioctl.h usability
configure:4703: gcc -c -g -O2  conftest.c >&5
configure:4703: $? = 0
configure:4703: result: yes
configure:4703: checking sys/ioctl.h presence
configure:4703: gcc -E  conftest.c
configure:4703: $? = 0
configure:4703: result: yes
configure:4703: checking for sys/ioctl.h
configure:4703: result: yes
configure:4703: checking sys/socket.h usability
configure:4703: gcc -c -g -O2  conftest.c >&5
configure:4703: $? = 0
configure:4703: result: yes
configure:4703: checking sys/socket.h presence
configure:4703: gcc -E  conftest.c
configure:4703: $? = 0
configure:4703: result: yes
configure:4703: checking for sys/socket.h
configure:4703: result: yes
configure:4703: checking sys/time.h usability
configure:4703: gcc -c -g -O2  conftest.c >&5
configure:4703: $? = 0
configure:4703: result: yes
configure:4703: checking sys/time.h presence
configure:4703: gcc -E  conftest.c
configure:4703: $? = 0
configure:4703: result: yes
configure:4703: checking for sys/time.h
configure:4703: result: yes
configure:4703: checking for unistd.h
configure:4703: result: yes
configure:4703: checking utime.h usability
configure:4703: gcc -c -g -O2  conftest.c >&5
configure:4703: $? = 0
configure:4703: result: yes
configure:4703: checking utime.h presence
configure:4703: gcc -E  conftest.c
configure:4703: $? = 0
configure:4703: result: yes
configure:4703: checking for utime.h
configure:4703: result: yes
configure:4713: checking elf.h usability
configure:4713: gcc -c -g -O2  conftest.c >&5
configure:4713: $? = 0
configure:4713: result: yes
configure:4713: checking elf.h presence
configure:4713: gcc -E  conftest.c
configure:4713: $? = 0
configure:4713: result: yes
configure:4713: checking for elf.h
configure:4713: result: yes
configure:4729: checking zlib.h usability
configure:4729: gcc -c -g -O2  conftest.c >&5
configure:4729: $? = 0
configure:4729: result: yes
configure:4729: checking zlib.h presence
configure:4729: gcc -E  conftest.c
configure:4729: $? = 0
configure:4729: result: yes
configure:4729: checking for zlib.h
configure:4729: result: yes
configure:4738: checking for inflate in -lz
configure:4763: gcc -o conftest -g -O2   conftest.c -lz   >&5
configure:4763: $? = 0
configure:4772: result: yes
configure:4829: checking GL/glut.h usability
configure:4829: gcc -c -g -O2  conftest.c >&5
conftest.c:69:21: fatal error: GL/glut.h: No such file or directory
 #include <GL/glut.h>
                     ^
compilation terminated.
configure:4829: $? = 1
configure: failed program was:
| /* confdefs.h */
| #define PACKAGE_NAME ""
| #define PACKAGE_TARNAME ""
| #define PACKAGE_VERSION ""
| #define PACKAGE_STRING ""
| #define PACKAGE_BUGREPORT ""
| #define PACKAGE_URL ""
| #define PACKAGE "multi2sim"
| #define VERSION "4.0"
| #define STDC_HEADERS 1
| #define HAVE_SYS_WAIT_H 1
| #define HAVE_SYS_TYPES_H 1
| #define HAVE_SYS_STAT_H 1
| #define HAVE_STDLIB_H 1
| #define HAVE_STRING_H 1
| #define HAVE_MEMORY_H 1
| #define HAVE_STRINGS_H 1
| #define HAVE_INTTYPES_H 1
| #define HAVE_STDINT_H 1
| #define HAVE_UNISTD_H 1
| #define HAVE_FCNTL_H 1
| #define HAVE_FLOAT_H 1
| #define HAVE_STDDEF_H 1
| #define HAVE_STDINT_H 1
| #define HAVE_STDLIB_H 1
| #define HAVE_STRING_H 1
| #define HAVE_SYS_IOCTL_H 1
| #define HAVE_SYS_SOCKET_H 1
| #define HAVE_SYS_TIME_H 1
| #define HAVE_UNISTD_H 1
| #define HAVE_UTIME_H 1
| #define HAVE_ELF_H 1
| #define HAVE_ZLIB_H 1
| #define HAVE_LIBZ 1
| /* end confdefs.h.  */
| #include <stdio.h>
| #ifdef HAVE_SYS_TYPES_H
| # include <sys/types.h>
| #endif
| #ifdef HAVE_SYS_STAT_H
| # include <sys/stat.h>
| #endif
| #ifdef STDC_HEADERS
| # include <stdlib.h>
| # include <stddef.h>
| #else
| # ifdef HAVE_STDLIB_H
| #  include <stdlib.h>
| # endif
| #endif
| #ifdef HAVE_STRING_H
| # if !defined STDC_HEADERS && defined HAVE_MEMORY_H
| #  include <memory.h>
| # endif
| # include <string.h>
| #endif
| #ifdef HAVE_STRINGS_H
| # include <strings.h>
| #endif
| #ifdef HAVE_INTTYPES_H
| # include <inttypes.h>
| #endif
| #ifdef HAVE_STDINT_H
| # include <stdint.h>
| #endif
| #ifdef HAVE_UNISTD_H
| # include <unistd.h>
| #endif
| #include <GL/glut.h>
configure:4829: result: no
configure:4829: checking GL/glut.h presence
configure:4829: gcc -E  conftest.c
conftest.c:36:21: fatal error: GL/glut.h: No such file or directory
 #include <GL/glut.h>
                     ^
compilation terminated.
configure:4829: $? = 1
configure: failed program was:
| /* confdefs.h */
| #define PACKAGE_NAME ""
| #define PACKAGE_TARNAME ""
| #define PACKAGE_VERSION ""
| #define PACKAGE_STRING ""
| #define PACKAGE_BUGREPORT ""
| #define PACKAGE_URL ""
| #define PACKAGE "multi2sim"
| #define VERSION "4.0"
| #define STDC_HEADERS 1
| #define HAVE_SYS_WAIT_H 1
| #define HAVE_SYS_TYPES_H 1
| #define HAVE_SYS_STAT_H 1
| #define HAVE_STDLIB_H 1
| #define HAVE_STRING_H 1
| #define HAVE_MEMORY_H 1
| #define HAVE_STRINGS_H 1
| #define HAVE_INTTYPES_H 1
| #define HAVE_STDINT_H 1
| #define HAVE_UNISTD_H 1
| #define HAVE_FCNTL_H 1
| #define HAVE_FLOAT_H 1
| #define HAVE_STDDEF_H 1
| #define HAVE_STDINT_H 1
| #define HAVE_STDLIB_H 1
| #define HAVE_STRING_H 1
| #define HAVE_SYS_IOCTL_H 1
| #define HAVE_SYS_SOCKET_H 1
| #define HAVE_SYS_TIME_H 1
| #define HAVE_UNISTD_H 1
| #define HAVE_UTIME_H 1
| #define HAVE_ELF_H 1
| #define HAVE_ZLIB_H 1
| #define HAVE_LIBZ 1
| /* end confdefs.h.  */
| #include <GL/glut.h>
configure:4829: result: no
configure:4829: checking for GL/glut.h
configure:4829: result: no
configure:4837: checking GL/gl.h usability
configure:4837: gcc -c -g -O2  conftest.c >&5
conftest.c:69:19: fatal error: GL/gl.h: No such file or directory
 #include <GL/gl.h>
                   ^
compilation terminated.
configure:4837: $? = 1
configure: failed program was:
| /* confdefs.h */
| #define PACKAGE_NAME ""
| #define PACKAGE_TARNAME ""
| #define PACKAGE_VERSION ""
| #define PACKAGE_STRING ""
| #define PACKAGE_BUGREPORT ""
| #define PACKAGE_URL ""
| #define PACKAGE "multi2sim"
| #define VERSION "4.0"
| #define STDC_HEADERS 1
| #define HAVE_SYS_WAIT_H 1
| #define HAVE_SYS_TYPES_H 1
| #define HAVE_SYS_STAT_H 1
| #define HAVE_STDLIB_H 1
| #define HAVE_STRING_H 1
| #define HAVE_MEMORY_H 1
| #define HAVE_STRINGS_H 1
| #define HAVE_INTTYPES_H 1
| #define HAVE_STDINT_H 1
| #define HAVE_UNISTD_H 1
| #define HAVE_FCNTL_H 1
| #define HAVE_FLOAT_H 1
| #define HAVE_STDDEF_H 1
| #define HAVE_STDINT_H 1
| #define HAVE_STDLIB_H 1
| #define HAVE_STRING_H 1
| #define HAVE_SYS_IOCTL_H 1
| #define HAVE_SYS_SOCKET_H 1
| #define HAVE_SYS_TIME_H 1
| #define HAVE_UNISTD_H 1
| #define HAVE_UTIME_H 1
| #define HAVE_ELF_H 1
| #define HAVE_ZLIB_H 1
| #define HAVE_LIBZ 1
| /* end confdefs.h.  */
| #include <stdio.h>
| #ifdef HAVE_SYS_TYPES_H
| # include <sys/types.h>
| #endif
| #ifdef HAVE_SYS_STAT_H
| # include <sys/stat.h>
| #endif
| #ifdef STDC_HEADERS
| # include <stdlib.h>
| # include <stddef.h>
| #else
| # ifdef HAVE_STDLIB_H
| #  include <stdlib.h>
| # endif
| #endif
| #ifdef HAVE_STRING_H
| # if !defined STDC_HEADERS && defined HAVE_MEMORY_H
| #  include <memory.h>
| # endif
| # include <string.h>
| #endif
| #ifdef HAVE_STRINGS_H
| # include <strings.h>
| #endif
| #ifdef HAVE_INTTYPES_H
| # include <inttypes.h>
| #endif
| #ifdef HAVE_STDINT_H
| # include <stdint.h>
| #endif
| #ifdef HAVE_UNISTD_H
| # include <unistd.h>
| #endif
| #include <GL/gl.h>
configure:4837: result: no
configure:4837: checking GL/gl.h presence
configure:4837: gcc -E  conftest.c
conftest.c:36:19: fatal error: GL/gl.h: No such file or directory
 #include <GL/gl.h>
                   ^
compilation terminated.
configure:4837: $? = 1
configure: failed program was:
| /* confdefs.h */
| #define PACKAGE_NAME ""
| #define PACKAGE_TARNAME ""
| #define PACKAGE_VERSION ""
| #define PACKAGE_STRING ""
| #define PACKAGE_BUGREPORT ""
| #define PACKAGE_URL ""
| #define PACKAGE "multi2sim"
| #define VERSION "4.0"
| #define STDC_HEADERS 1
| #define HAVE_SYS_WAIT_H 1
| #define HAVE_SYS_TYPES_H 1
| #define HAVE_SYS_STAT_H 1
| #define HAVE_STDLIB_H 1
| #define HAVE_STRING_H 1
| #define HAVE_MEMORY_H 1
| #define HAVE_STRINGS_H 1
| #define HAVE_INTTYPES_H 1
| #define HAVE_STDINT_H 1
| #define HAVE_UNISTD_H 1
| #define HAVE_FCNTL_H 1
| #define HAVE_FLOAT_H 1
| #define HAVE_STDDEF_H 1
| #define HAVE_STDINT_H 1
| #define HAVE_STDLIB_H 1
| #define HAVE_STRING_H 1
| #define HAVE_SYS_IOCTL_H 1
| #define HAVE_SYS_SOCKET_H 1
| #define HAVE_SYS_TIME_H 1
| #define HAVE_UNISTD_H 1
| #define HAVE_UTIME_H 1
| #define HAVE_ELF_H 1
| #define HAVE_ZLIB_H 1
| #define HAVE_LIBZ 1
| /* end confdefs.h.  */
| #include <GL/gl.h>
configure:4837: result: no
configure:4837: checking for GL/gl.h
configure:4837: result: no
configure:4845: checking for glutInit in -lglut
configure:4870: gcc -o conftest -g -O2   conftest.c -lglut  -lz  >&5
/usr/bin/ld: cannot find -lglut
collect2: error: ld returned 1 exit status
configure:4870: $? = 1
configure: failed program was:
| /* confdefs.h */
| #define PACKAGE_NAME ""
| #define PACKAGE_TARNAME ""
| #define PACKAGE_VERSION ""
| #define PACKAGE_STRING ""
| #define PACKAGE_BUGREPORT ""
| #define PACKAGE_URL ""
| #define PACKAGE "multi2sim"
| #define VERSION "4.0"
| #define STDC_HEADERS 1
| #define HAVE_SYS_WAIT_H 1
| #define HAVE_SYS_TYPES_H 1
| #define HAVE_SYS_STAT_H 1
| #define HAVE_STDLIB_H 1
| #define HAVE_STRING_H 1
| #define HAVE_MEMORY_H 1
| #define HAVE_STRINGS_H 1
| #define HAVE_INTTYPES_H 1
| #define HAVE_STDINT_H 1
| #define HAVE_UNISTD_H 1
| #define HAVE_FCNTL_H 1
| #define HAVE_FLOAT_H 1
| #define HAVE_STDDEF_H 1
| #define HAVE_STDINT_H 1
| #define HAVE_STDLIB_H 1
| #define HAVE_STRING_H 1
| #define HAVE_SYS_IOCTL_H 1
| #define HAVE_SYS_SOCKET_H 1
| #define HAVE_SYS_TIME_H 1
| #define HAVE_UNISTD_H 1
| #define HAVE_UTIME_H 1
| #define HAVE_ELF_H 1
| #define HAVE_ZLIB_H 1
| #define HAVE_LIBZ 1
| /* end confdefs.h.  */
| 
| /* Override any GCC internal prototype to avoid an error.
|    Use char because int might match the return type of a GCC
|    builtin and then its argument prototype would still apply.  */
| #ifdef __cplusplus
| extern "C"
| #endif
| char glutInit ();
| int
| main ()
| {
| return glutInit ();
|   ;
|   return 0;
| }
configure:4879: result: no
configure:4892: checking for glBegin in -lGL
configure:4917: gcc -o conftest -g -O2   conftest.c -lGL  -lz  >&5
/usr/bin/ld: cannot find -lGL
collect2: error: ld returned 1 exit status
configure:4917: $? = 1
configure: failed program was:
| /* confdefs.h */
| #define PACKAGE_NAME ""
| #define PACKAGE_TARNAME ""
| #define PACKAGE_VERSION ""
| #define PACKAGE_STRING ""
| #define PACKAGE_BUGREPORT ""
| #define PACKAGE_URL ""
| #define PACKAGE "multi2sim"
| #define VERSION "4.0"
| #define STDC_HEADERS 1
| #define HAVE_SYS_WAIT_H 1
| #define HAVE_SYS_TYPES_H 1
| #define HAVE_SYS_STAT_H 1
| #define HAVE_STDLIB_H 1
| #define HAVE_STRING_H 1
| #define HAVE_MEMORY_H 1
| #define HAVE_STRINGS_H 1
| #define HAVE_INTTYPES_H 1
| #define HAVE_STDINT_H 1
| #define HAVE_UNISTD_H 1
| #define HAVE_FCNTL_H 1
| #define HAVE_FLOAT_H 1
| #define HAVE_STDDEF_H 1
| #define HAVE_STDINT_H 1
| #define HAVE_STDLIB_H 1
| #define HAVE_STRING_H 1
| #define HAVE_SYS_IOCTL_H 1
| #define HAVE_SYS_SOCKET_H 1
| #define HAVE_SYS_TIME_H 1
| #define HAVE_UNISTD_H 1
| #define HAVE_UTIME_H 1
| #define HAVE_ELF_H 1
| #define HAVE_ZLIB_H 1
| #define HAVE_LIBZ 1
| /* end confdefs.h.  */
| 
| /* Override any GCC internal prototype to avoid an error.
|    Use char because int might match the return type of a GCC
|    builtin and then its argument prototype would still apply.  */
| #ifdef __cplusplus
| extern "C"
| #endif
| char glBegin ();
| int
| main ()
| {
| return glBegin ();
|   ;
|   return 0;
| }
configure:4926: result: no
configure:4939: checking for gluOrtho2D in -lGLU
configure:4964: gcc -o conftest -g -O2   conftest.c -lGLU  -lz  >&5
/usr/bin/ld: cannot find -lGLU
collect2: error: ld returned 1 exit status
configure:4964: $? = 1
configure: failed program was:
| /* confdefs.h */
| #define PACKAGE_NAME ""
| #define PACKAGE_TARNAME ""
| #define PACKAGE_VERSION ""
| #define PACKAGE_STRING ""
| #define PACKAGE_BUGREPORT ""
| #define PACKAGE_URL ""
| #define PACKAGE "multi2sim"
| #define VERSION "4.0"
| #define STDC_HEADERS 1
| #define HAVE_SYS_WAIT_H 1
| #define HAVE_SYS_TYPES_H 1
| #define HAVE_SYS_STAT_H 1
| #define HAVE_STDLIB_H 1
| #define HAVE_STRING_H 1
| #define HAVE_MEMORY_H 1
| #define HAVE_STRINGS_H 1
| #define HAVE_INTTYPES_H 1
| #define HAVE_STDINT_H 1
| #define HAVE_UNISTD_H 1
| #define HAVE_FCNTL_H 1
| #define HAVE_FLOAT_H 1
| #define HAVE_STDDEF_H 1
| #define HAVE_STDINT_H 1
| #define HAVE_STDLIB_H 1
| #define HAVE_STRING_H 1
| #define HAVE_SYS_IOCTL_H 1
| #define HAVE_SYS_SOCKET_H 1
| #define HAVE_SYS_TIME_H 1
| #define HAVE_UNISTD_H 1
| #define HAVE_UTIME_H 1
| #define HAVE_ELF_H 1
| #define HAVE_ZLIB_H 1
| #define HAVE_LIBZ 1
| /* end confdefs.h.  */
| 
| /* Override any GCC internal prototype to avoid an error.
|    Use char because int might match the return type of a GCC
|    builtin and then its argument prototype would still apply.  */
| #ifdef __cplusplus
| extern "C"
| #endif
| char gluOrtho2D ();
| int
| main ()
| {
| return gluOrtho2D ();
|   ;
|   return 0;
| }
configure:4973: result: no
configure:4995: WARNING:

	The 'freeglut' library development package is missing in your system.
	Please install the package and then retry. On Debian-based Linux
	distributions, you can run the following command:

		sudo apt-get install freeglut3-dev

configure:5025: checking for off_t
configure:5025: gcc -c -g -O2  conftest.c >&5
configure:5025: $? = 0
configure:5025: gcc -c -g -O2  conftest.c >&5
conftest.c: In function 'main':
conftest.c:72:20: error: expected expression before ')' token
 if (sizeof ((off_t)))
                    ^
configure:5025: $? = 1
configure: failed program was:
| /* confdefs.h */
| #define PACKAGE_NAME ""
| #define PACKAGE_TARNAME ""
| #define PACKAGE_VERSION ""
| #define PACKAGE_STRING ""
| #define PACKAGE_BUGREPORT ""
| #define PACKAGE_URL ""
| #define PACKAGE "multi2sim"
| #define VERSION "4.0"
| #define STDC_HEADERS 1
| #define HAVE_SYS_WAIT_H 1
| #define HAVE_SYS_TYPES_H 1
| #define HAVE_SYS_STAT_H 1
| #define HAVE_STDLIB_H 1
| #define HAVE_STRING_H 1
| #define HAVE_MEMORY_H 1
| #define HAVE_STRINGS_H 1
| #define HAVE_INTTYPES_H 1
| #define HAVE_STDINT_H 1
| #define HAVE_UNISTD_H 1
| #define HAVE_FCNTL_H 1
| #define HAVE_FLOAT_H 1
| #define HAVE_STDDEF_H 1
| #define HAVE_STDINT_H 1
| #define HAVE_STDLIB_H 1
| #define HAVE_STRING_H 1
| #define HAVE_SYS_IOCTL_H 1
| #define HAVE_SYS_SOCKET_H 1
| #define HAVE_SYS_TIME_H 1
| #define HAVE_UNISTD_H 1
| #define HAVE_UTIME_H 1
| #define HAVE_ELF_H 1
| #define HAVE_ZLIB_H 1
| #define HAVE_LIBZ 1
| /* end confdefs.h.  */
| #include <stdio.h>
| #ifdef HAVE_SYS_TYPES_H
| # include <sys/types.h>
| #endif
| #ifdef HAVE_SYS_STAT_H
| # include <sys/stat.h>
| #endif
| #ifdef STDC_HEADERS
| # include <stdlib.h>
| # include <stddef.h>
| #else
| # ifdef HAVE_STDLIB_H
| #  include <stdlib.h>
| # endif
| #endif
| #ifdef HAVE_STRING_H
| # if !defined STDC_HEADERS && defined HAVE_MEMORY_H
| #  include <memory.h>
| # endif
| # include <string.h>
| #endif
| #ifdef HAVE_STRINGS_H
| # include <strings.h>
| #endif
| #ifdef HAVE_INTTYPES_H
| # include <inttypes.h>
| #endif
| #ifdef HAVE_STDINT_H
| # include <stdint.h>
| #endif
| #ifdef HAVE_UNISTD_H
| # include <unistd.h>
| #endif
| int
| main ()
| {
| if (sizeof ((off_t)))
| 	    return 0;
|   ;
|   return 0;
| }
configure:5025: result: yes
configure:5036: checking for size_t
configure:5036: gcc -c -g -O2  conftest.c >&5
configure:5036: $? = 0
configure:5036: gcc -c -g -O2  conftest.c >&5
conftest.c: In function 'main':
conftest.c:72:21: error: expected expression before ')' token
 if (sizeof ((size_t)))
                     ^
configure:5036: $? = 1
configure: failed program was:
| /* confdefs.h */
| #define PACKAGE_NAME ""
| #define PACKAGE_TARNAME ""
| #define PACKAGE_VERSION ""
| #define PACKAGE_STRING ""
| #define PACKAGE_BUGREPORT ""
| #define PACKAGE_URL ""
| #define PACKAGE "multi2sim"
| #define VERSION "4.0"
| #define STDC_HEADERS 1
| #define HAVE_SYS_WAIT_H 1
| #define HAVE_SYS_TYPES_H 1
| #define HAVE_SYS_STAT_H 1
| #define HAVE_STDLIB_H 1
| #define HAVE_STRING_H 1
| #define HAVE_MEMORY_H 1
| #define HAVE_STRINGS_H 1
| #define HAVE_INTTYPES_H 1
| #define HAVE_STDINT_H 1
| #define HAVE_UNISTD_H 1
| #define HAVE_FCNTL_H 1
| #define HAVE_FLOAT_H 1
| #define HAVE_STDDEF_H 1
| #define HAVE_STDINT_H 1
| #define HAVE_STDLIB_H 1
| #define HAVE_STRING_H 1
| #define HAVE_SYS_IOCTL_H 1
| #define HAVE_SYS_SOCKET_H 1
| #define HAVE_SYS_TIME_H 1
| #define HAVE_UNISTD_H 1
| #define HAVE_UTIME_H 1
| #define HAVE_ELF_H 1
| #define HAVE_ZLIB_H 1
| #define HAVE_LIBZ 1
| /* end confdefs.h.  */
| #include <stdio.h>
| #ifdef HAVE_SYS_TYPES_H
| # include <sys/types.h>
| #endif
| #ifdef HAVE_SYS_STAT_H
| # include <sys/stat.h>
| #endif
| #ifdef STDC_HEADERS
| # include <stdlib.h>
| # include <stddef.h>
| #else
| # ifdef HAVE_STDLIB_H
| #  include <stdlib.h>
| # endif
| #endif
| #ifdef HAVE_STRING_H
| # if !defined STDC_HEADERS && defined HAVE_MEMORY_H
| #  include <memory.h>
| # endif
| # include <string.h>
| #endif
| #ifdef HAVE_STRINGS_H
| # include <strings.h>
| #endif
| #ifdef HAVE_INTTYPES_H
| # include <inttypes.h>
| #endif
| #ifdef HAVE_STDINT_H
| # include <stdint.h>
| #endif
| #ifdef HAVE_UNISTD_H
| # include <unistd.h>
| #endif
| int
| main ()
| {
| if (sizeof ((size_t)))
| 	    return 0;
|   ;
|   return 0;
| }
configure:5036: result: yes
configure:5047: checking for struct stat.st_blksize
configure:5047: gcc -c -g -O2  conftest.c >&5
configure:5047: $? = 0
configure:5047: result: yes
configure:5057: checking for struct stat.st_blocks
configure:5057: gcc -c -g -O2  conftest.c >&5
configure:5057: $? = 0
configure:5057: result: yes
configure:5077: checking for struct stat.st_rdev
configure:5077: gcc -c -g -O2  conftest.c >&5
configure:5077: $? = 0
configure:5077: result: yes
configure:5090: checking for uid_t in sys/types.h
configure:5109: result: yes
configure:5122: checking for unistd.h
configure:5122: result: yes
configure:5132: checking for working chown
configure:5165: gcc -o conftest -g -O2   conftest.c -lz  >&5
configure:5165: $? = 0
configure:5165: ./conftest
configure:5165: $? = 0
configure:5177: result: yes
configure:5185: checking for error_at_line
configure:5201: gcc -o conftest -g -O2   conftest.c -lz  >&5
configure:5201: $? = 0
configure:5209: result: yes
configure:5220: checking whether lstat correctly handles trailing slash
configure:5246: gcc -o conftest -g -O2   conftest.c -lz  >&5
configure:5246: $? = 0
configure:5246: ./conftest
configure:5246: $? = 0
configure:5263: result: yes
configure:5284: checking for stdlib.h
configure:5284: result: yes
configure:5294: checking for GNU libc compatible malloc
configure:5318: gcc -o conftest -g -O2   conftest.c -lz  >&5
configure:5318: $? = 0
configure:5318: ./conftest
configure:5318: $? = 0
configure:5328: result: yes
configure:5355: checking for stdlib.h
configure:5355: result: yes
configure:5355: checking for unistd.h
configure:5355: result: yes
configure:5355: checking for sys/param.h
configure:5355: gcc -c -g -O2  conftest.c >&5
configure:5355: $? = 0
configure:5355: result: yes
configure:5375: checking for getpagesize
configure:5375: gcc -o conftest -g -O2   conftest.c -lz  >&5
configure:5375: $? = 0
configure:5375: result: yes
configure:5384: checking for working mmap
configure:5531: gcc -o conftest -g -O2   conftest.c -lz  >&5
configure:5531: $? = 0
configure:5531: ./conftest
configure:5531: $? = 0
configure:5541: result: yes
configure:5552: checking for stdlib.h
configure:5552: result: yes
configure:5562: checking for GNU libc compatible realloc
configure:5586: gcc -o conftest -g -O2   conftest.c -lz  >&5
configure:5586: $? = 0
configure:5586: ./conftest
configure:5586: $? = 0
configure:5596: result: yes
configure:5620: checking for alarm
configure:5620: gcc -o conftest -g -O2   conftest.c -lz  >&5
configure:5620: $? = 0
configure:5620: result: yes
configure:5620: checking for bzero
configure:5620: gcc -o conftest -g -O2   conftest.c -lz  >&5
conftest.c:76:6: warning: conflicting types for built-in function 'bzero' [enabled by default]
 char bzero ();
      ^
configure:5620: $? = 0
configure:5620: result: yes
configure:5620: checking for ftruncate
configure:5620: gcc -o conftest -g -O2   conftest.c -lz  >&5
configure:5620: $? = 0
configure:5620: result: yes
configure:5620: checking for getcwd
configure:5620: gcc -o conftest -g -O2   conftest.c -lz  >&5
configure:5620: $? = 0
configure:5620: result: yes
configure:5620: checking for gettimeofday
configure:5620: gcc -o conftest -g -O2   conftest.c -lz  >&5
configure:5620: $? = 0
configure:5620: result: yes
configure:5620: checking for memset
configure:5620: gcc -o conftest -g -O2   conftest.c -lz  >&5
conftest.c:80:6: warning: conflicting types for built-in function 'memset' [enabled by default]
 char memset ();
      ^
configure:5620: $? = 0
configure:5620: result: yes
configure:5620: checking for mkdir
configure:5620: gcc -o conftest -g -O2   conftest.c -lz  >&5
configure:5620: $? = 0
configure:5620: result: yes
configure:5620: checking for munmap
configure:5620: gcc -o conftest -g -O2   conftest.c -lz  >&5
configure:5620: $? = 0
configure:5620: result: yes
configure:5620: checking for select
configure:5620: gcc -o conftest -g -O2   conftest.c -lz  >&5
configure:5620: $? = 0
configure:5620: result: yes
configure:5620: checking for socket
configure:5620: gcc -o conftest -g -O2   conftest.c -lz  >&5
configure:5620: $? = 0
configure:5620: result: yes
configure:5620: checking for strcasecmp
configure:5620: gcc -o conftest -g -O2   conftest.c -lz  >&5
conftest.c:85:6: warning: conflicting types for built-in function 'strcasecmp' [enabled by default]
 char strcasecmp ();
      ^
configure:5620: $? = 0
configure:5620: result: yes
configure:5620: checking for strchr
configure:5620: gcc -o conftest -g -O2   conftest.c -lz  >&5
conftest.c:86:6: warning: conflicting types for built-in function 'strchr' [enabled by default]
 char strchr ();
      ^
configure:5620: $? = 0
configure:5620: result: yes
configure:5620: checking for strdup
configure:5620: gcc -o conftest -g -O2   conftest.c -lz  >&5
conftest.c:87:6: warning: conflicting types for built-in function 'strdup' [enabled by default]
 char strdup ();
      ^
configure:5620: $? = 0
configure:5620: result: yes
configure:5620: checking for strncasecmp
configure:5620: gcc -o conftest -g -O2   conftest.c -lz  >&5
conftest.c:88:6: warning: conflicting types for built-in function 'strncasecmp' [enabled by default]
 char strncasecmp ();
      ^
configure:5620: $? = 0
configure:5620: result: yes
configure:5620: checking for strtol
configure:5620: gcc -o conftest -g -O2   conftest.c -lz  >&5
configure:5620: $? = 0
configure:5620: result: yes
configure:5620: checking for utime
configure:5620: gcc -o conftest -g -O2   conftest.c -lz  >&5
configure:5620: $? = 0
configure:5620: result: yes
configure:5630: checking for sin in -lm
configure:5655: gcc -o conftest -g -O2   conftest.c -lm  -lz  >&5
conftest.c:75:6: warning: conflicting types for built-in function 'sin' [enabled by default]
 char sin ();
      ^
configure:5655: $? = 0
configure:5664: result: yes
configure:5675: checking for pthread_create in -lpthread
configure:5700: gcc -o conftest -g -O2   conftest.c -lpthread  -lm -lz  >&5
configure:5700: $? = 0
configure:5709: result: yes
configure:5763: checking for pkg-config
configure:5781: found /usr/bin/pkg-config
configure:5794: result: /usr/bin/pkg-config
configure:5816: checking for GTK+ - version >= 3.0.0
configure:5926: gcc -o conftest -g -O2 -pthread -I/usr/include/gtk-3.0 -I/usr/include/atk-1.0 -I/usr/include/at-spi2-atk/2.0 -I/usr/include/pango-1.0 -I/usr/include/gio-unix-2.0/ -I/usr/include/cairo -I/usr/include/gdk-pixbuf-2.0 -I/usr/include/glib-2.0 -I/usr/lib/i386-linux-gnu/glib-2.0/include -I/usr/include/harfbuzz -I/usr/include/freetype2 -I/usr/include/pixman-1 -I/usr/include/libpng12     conftest.c -lgtk-3 -lgdk-3 -latk-1.0 -lgio-2.0 -lpangocairo-1.0 -lgdk_pixbuf-2.0 -lcairo-gobject -lpango-1.0 -lcairo -lgobject-2.0 -lglib-2.0   -lpthread -lm -lz  >&5
configure:5926: $? = 0
configure:5926: ./conftest
configure:5926: $? = 0
configure:5940: result: yes (version 3.8.6)
configure:6371: creating ./config.status

## ---------------------- ##
## Running config.status. ##
## ---------------------- ##

This file was extended by config.status, which was
generated by GNU Autoconf 2.68.  Invocation command line was

  CONFIG_FILES    = 
  CONFIG_HEADERS  = 
  CONFIG_LINKS    = 
  CONFIG_COMMANDS = 
  $ ./config.status 

on abo-ubuntu

config.status:850: creating Makefile
config.status:850: creating src/Makefile
config.status:850: creating src/arch/Makefile
config.status:850: creating src/mem-system/Makefile
config.status:850: creating src/network/Makefile
config.status:850: creating src/arch/arm/Makefile
config.status:850: creating src/arch/arm/asm/Makefile
config.status:850: creating src/arch/arm/emu/Makefile
config.status:850: creating src/arch/arm/timing/Makefile
config.status:850: creating src/arch/evergreen/Makefile
config.status:850: creating src/arch/evergreen/asm/Makefile
config.status:850: creating src/arch/evergreen/emu/Makefile
config.status:850: creating src/arch/evergreen/timing/Makefile
config.status:850: creating src/arch/fermi/Makefile
config.status:850: creating src/arch/fermi/asm/Makefile
config.status:850: creating src/arch/fermi/emu/Makefile
config.status:850: creating src/arch/fermi/timing/Makefile
config.status:850: creating src/arch/southern-islands/Makefile
config.status:850: creating src/arch/southern-islands/asm/Makefile
config.status:850: creating src/arch/southern-islands/emu/Makefile
config.status:850: creating src/arch/southern-islands/timing/Makefile
config.status:850: creating src/arch/x86/Makefile
config.status:850: creating src/arch/x86/asm/Makefile
config.status:850: creating src/arch/x86/emu/Makefile
config.status:850: creating src/arch/x86/timing/Makefile
config.status:850: creating src/visual/Makefile
config.status:850: creating src/visual/common/Makefile
config.status:850: creating src/visual/evergreen/Makefile
config.status:850: creating src/visual/memory/Makefile
config.status:850: creating src/visual/southern-islands/Makefile
config.status:850: creating src/visual/x86/Makefile
config.status:850: creating src/lib/Makefile
config.status:850: creating src/lib/esim/Makefile
config.status:850: creating src/lib/mhandle/Makefile
config.status:850: creating src/lib/misc/Makefile
config.status:850: creating src/lib/struct/Makefile
config.status:1022: executing depfiles commands

## ---------------- ##
## Cache variables. ##
## ---------------- ##

ac_cv_c_compiler_gnu=yes
ac_cv_cxx_compiler_gnu=yes
ac_cv_env_CCC_set=
ac_cv_env_CCC_value=
ac_cv_env_CC_set=
ac_cv_env_CC_value=
ac_cv_env_CFLAGS_set=
ac_cv_env_CFLAGS_value=
ac_cv_env_CPPFLAGS_set=
ac_cv_env_CPPFLAGS_value=
ac_cv_env_CPP_set=
ac_cv_env_CPP_value=
ac_cv_env_CXXFLAGS_set=
ac_cv_env_CXXFLAGS_value=
ac_cv_env_CXX_set=
ac_cv_env_CXX_value=
ac_cv_env_LDFLAGS_set=
ac_cv_env_LDFLAGS_value=
ac_cv_env_LIBS_set=
ac_cv_env_LIBS_value=
ac_cv_env_build_alias_set=
ac_cv_env_build_alias_value=
ac_cv_env_host_alias_set=
ac_cv_env_host_alias_value=
ac_cv_env_target_alias_set=
ac_cv_env_target_alias_value=
ac_cv_func_alarm=yes
ac_cv_func_bzero=yes
ac_cv_func_chown_works=yes
ac_cv_func_ftruncate=yes
ac_cv_func_getcwd=yes
ac_cv_func_getpagesize=yes
ac_cv_func_gettimeofday=yes
ac_cv_func_lstat_dereferences_slashed_symlink=yes
ac_cv_func_malloc_0_nonnull=yes
ac_cv_func_memset=yes
ac_cv_func_mkdir=yes
ac_cv_func_mmap_fixed_mapped=yes
ac_cv_func_munmap=yes
ac_cv_func_realloc_0_nonnull=yes
ac_cv_func_select=yes
ac_cv_func_socket=yes
ac_cv_func_strcasecmp=yes
ac_cv_func_strchr=yes
ac_cv_func_strdup=yes
ac_cv_func_strncasecmp=yes
ac_cv_func_strtol=yes
ac_cv_func_utime=yes
ac_cv_header_GL_gl_h=no
ac_cv_header_GL_glut_h=no
ac_cv_header_elf_h=yes
ac_cv_header_fcntl_h=yes
ac_cv_header_float_h=yes
ac_cv_header_inttypes_h=yes
ac_cv_header_memory_h=yes
ac_cv_header_stdc=yes
ac_cv_header_stddef_h=yes
ac_cv_header_stdint_h=yes
ac_cv_header_stdlib_h=yes
ac_cv_header_string_h=yes
ac_cv_header_strings_h=yes
ac_cv_header_sys_ioctl_h=yes
ac_cv_header_sys_param_h=yes
ac_cv_header_sys_socket_h=yes
ac_cv_header_sys_stat_h=yes
ac_cv_header_sys_time_h=yes
ac_cv_header_sys_types_h=yes
ac_cv_header_sys_wait_h=yes
ac_cv_header_unistd_h=yes
ac_cv_header_utime_h=yes
ac_cv_header_zlib_h=yes
ac_cv_lib_GLU_gluOrtho2D=no
ac_cv_lib_GL_glBegin=no
ac_cv_lib_error_at_line=yes
ac_cv_lib_glut_glutInit=no
ac_cv_lib_m_sin=yes
ac_cv_lib_pthread_pthread_create=yes
ac_cv_lib_z_inflate=yes
ac_cv_member_struct_stat_st_blksize=yes
ac_cv_member_struct_stat_st_blocks=yes
ac_cv_member_struct_stat_st_rdev=yes
ac_cv_objext=o
ac_cv_path_EGREP='/bin/grep -E'
ac_cv_path_GREP=/bin/grep
ac_cv_path_PKG_CONFIG=/usr/bin/pkg-config
ac_cv_path_install='/usr/bin/install -c'
ac_cv_path_mkdir=/bin/mkdir
ac_cv_prog_AWK=mawk
ac_cv_prog_CPP='gcc -E'
ac_cv_prog_ac_ct_CC=gcc
ac_cv_prog_ac_ct_CXX=g++
ac_cv_prog_ac_ct_RANLIB=ranlib
ac_cv_prog_cc_c89=
ac_cv_prog_cc_g=yes
ac_cv_prog_cxx_g=yes
ac_cv_prog_make_make_set=yes
ac_cv_type_off_t=yes
ac_cv_type_size_t=yes
ac_cv_type_uid_t=yes
am_cv_CC_dependencies_compiler_type=gcc3
am_cv_CXX_dependencies_compiler_type=gcc3

## ----------------- ##
## Output variables. ##
## ----------------- ##

ACLOCAL='${SHELL} /home/abo/Downloads/multi2sim-4.0/missing --run aclocal-1.11'
AMDEPBACKSLASH='\'
AMDEP_FALSE='#'
AMDEP_TRUE=''
AMTAR='$${TAR-tar}'
AUTOCONF='${SHELL} /home/abo/Downloads/multi2sim-4.0/missing --run autoconf'
AUTOHEADER='${SHELL} /home/abo/Downloads/multi2sim-4.0/missing --run autoheader'
AUTOMAKE='${SHELL} /home/abo/Downloads/multi2sim-4.0/missing --run automake-1.11'
AWK='mawk'
CC='gcc'
CCDEPMODE='depmode=gcc3'
CFLAGS='-msse2 -Wall -Werror -DMHANDLE -g -O0 -std=gnu99'
CPP='gcc -E'
CPPFLAGS=''
CXX='g++'
CXXDEPMODE='depmode=gcc3'
CXXFLAGS='-g -O2'
CYGPATH_W='echo'
DATADIR='${prefix}/share'
DEFS='-DPACKAGE_NAME=\"\" -DPACKAGE_TARNAME=\"\" -DPACKAGE_VERSION=\"\" -DPACKAGE_STRING=\"\" -DPACKAGE_BUGREPORT=\"\" -DPACKAGE_URL=\"\" -DPACKAGE=\"multi2sim\" -DVERSION=\"4.0\" -DSTDC_HEADERS=1 -DHAVE_SYS_WAIT_H=1 -DHAVE_SYS_TYPES_H=1 -DHAVE_SYS_STAT_H=1 -DHAVE_STDLIB_H=1 -DHAVE_STRING_H=1 -DHAVE_MEMORY_H=1 -DHAVE_STRINGS_H=1 -DHAVE_INTTYPES_H=1 -DHAVE_STDINT_H=1 -DHAVE_UNISTD_H=1 -DHAVE_FCNTL_H=1 -DHAVE_FLOAT_H=1 -DHAVE_STDDEF_H=1 -DHAVE_STDINT_H=1 -DHAVE_STDLIB_H=1 -DHAVE_STRING_H=1 -DHAVE_SYS_IOCTL_H=1 -DHAVE_SYS_SOCKET_H=1 -DHAVE_SYS_TIME_H=1 -DHAVE_UNISTD_H=1 -DHAVE_UTIME_H=1 -DHAVE_ELF_H=1 -DHAVE_ZLIB_H=1 -DHAVE_LIBZ=1 -DHAVE_STRUCT_STAT_ST_BLKSIZE=1 -DHAVE_STRUCT_STAT_ST_BLOCKS=1 -DHAVE_ST_BLOCKS=1 -DHAVE_STRUCT_STAT_ST_RDEV=1 -DHAVE_UNISTD_H=1 -DHAVE_CHOWN=1 -DLSTAT_FOLLOWS_SLASHED_SYMLINK=1 -DHAVE_STDLIB_H=1 -DHAVE_MALLOC=1 -DHAVE_STDLIB_H=1 -DHAVE_UNISTD_H=1 -DHAVE_SYS_PARAM_H=1 -DHAVE_GETPAGESIZE=1 -DHAVE_MMAP=1 -DHAVE_STDLIB_H=1 -DHAVE_REALLOC=1 -DHAVE_ALARM=1 -DHAVE_BZERO=1 -DHAVE_FTRUNCATE=1 -DHAVE_GETCWD=1 -DHAVE_GETTIMEOFDAY=1 -DHAVE_MEMSET=1 -DHAVE_MKDIR=1 -DHAVE_MUNMAP=1 -DHAVE_SELECT=1 -DHAVE_SOCKET=1 -DHAVE_STRCASECMP=1 -DHAVE_STRCHR=1 -DHAVE_STRDUP=1 -DHAVE_STRNCASECMP=1 -DHAVE_STRTOL=1 -DHAVE_UTIME=1 -DHAVE_LIBM=1 -DHAVE_LIBPTHREAD=1 -DHAVE_GTK=1'
DEPDIR='.deps'
ECHO_C=''
ECHO_N='-n'
ECHO_T=''
EGREP='/bin/grep -E'
EXEEXT=''
GREP='/bin/grep'
GTK_CFLAGS='-pthread -I/usr/include/gtk-3.0 -I/usr/include/atk-1.0 -I/usr/include/at-spi2-atk/2.0 -I/usr/include/pango-1.0 -I/usr/include/gio-unix-2.0/ -I/usr/include/cairo -I/usr/include/gdk-pixbuf-2.0 -I/usr/include/glib-2.0 -I/usr/lib/i386-linux-gnu/glib-2.0/include -I/usr/include/harfbuzz -I/usr/include/freetype2 -I/usr/include/pixman-1 -I/usr/include/libpng12  '
GTK_LIBS='-lgtk-3 -lgdk-3 -latk-1.0 -lgio-2.0 -lpangocairo-1.0 -lgdk_pixbuf-2.0 -lcairo-gobject -lpango-1.0 -lcairo -lgobject-2.0 -lglib-2.0  '
HAVE_GLUT_H_FALSE=''
HAVE_GLUT_H_TRUE='#'
HAVE_GTK_FALSE='#'
HAVE_GTK_TRUE=''
INSTALL_DATA='${INSTALL} -m 644'
INSTALL_PROGRAM='${INSTALL}'
INSTALL_SCRIPT='${INSTALL}'
INSTALL_STRIP_PROGRAM='$(install_sh) -c -s'
LDFLAGS=''
LIBOBJS=''
LIBS='-lpthread -lm -lz '
LTLIBOBJS=''
M2S_INCLUDES=' -I$(top_srcdir)/src/lib/esim -I$(top_srcdir)/src/lib/mhandle -I$(top_srcdir)/src/lib/misc -I$(top_srcdir)/src/lib/struct -I$(top_srcdir)/src/arch/arm/asm -I$(top_srcdir)/src/arch/arm/emu -I$(top_srcdir)/src/arch/arm/timing -I$(top_srcdir)/src/arch/evergreen/asm -I$(top_srcdir)/src/arch/evergreen/emu -I$(top_srcdir)/src/arch/evergreen/timing -I$(top_srcdir)/src/arch/fermi/asm -I$(top_srcdir)/src/arch/fermi/emu -I$(top_srcdir)/src/arch/fermi/timing -I$(top_srcdir)/src/arch/southern-islands/asm -I$(top_srcdir)/src/arch/southern-islands/emu -I$(top_srcdir)/src/arch/southern-islands/timing -I$(top_srcdir)/src/arch/x86/asm -I$(top_srcdir)/src/arch/x86/emu -I$(top_srcdir)/src/arch/x86/timing -I$(top_srcdir)/src/visual/common -I$(top_srcdir)/src/visual/evergreen -I$(top_srcdir)/src/visual/memory -I$(top_srcdir)/src/visual/southern-islands -I$(top_srcdir)/src/visual/x86 -I$(top_srcdir)/src/mem-system -I$(top_srcdir)/src/network '
MAKEINFO='${SHELL} /home/abo/Downloads/multi2sim-4.0/missing --run makeinfo'
MKDIR_P='/bin/mkdir -p'
OBJEXT='o'
PACKAGE='multi2sim'
PACKAGE_BUGREPORT=''
PACKAGE_NAME=''
PACKAGE_STRING=''
PACKAGE_TARNAME=''
PACKAGE_URL=''
PACKAGE_VERSION=''
PATH_SEPARATOR=':'
PKGDATADIR='${datarootdir}/multi2sim'
PKG_CONFIG='/usr/bin/pkg-config'
RANLIB='ranlib'
SET_MAKE=''
SHELL='/bin/bash'
STRIP=''
VERSION='4.0'
ac_ct_CC='gcc'
ac_ct_CXX='g++'
am__EXEEXT_FALSE=''
am__EXEEXT_TRUE='#'
am__fastdepCC_FALSE='#'
am__fastdepCC_TRUE=''
am__fastdepCXX_FALSE='#'
am__fastdepCXX_TRUE=''
am__include='include'
am__isrc=''
am__leading_dot='.'
am__nodep='_no'
am__quote=''
am__tar='$${TAR-tar} chof - "$$tardir"'
am__untar='$${TAR-tar} xf -'
bindir='${exec_prefix}/bin'
build_alias=''
datadir='${datarootdir}'
datarootdir='${prefix}/share'
docdir='${datarootdir}/doc/${PACKAGE}'
dvidir='${docdir}'
exec_prefix='${prefix}'
host_alias=''
htmldir='${docdir}'
includedir='${prefix}/include'
infodir='${datarootdir}/info'
install_sh='${SHELL} /home/abo/Downloads/multi2sim-4.0/install-sh'
libdir='${exec_prefix}/lib'
libexecdir='${exec_prefix}/libexec'
localedir='${datarootdir}/locale'
localstatedir='${prefix}/var'
mandir='${datarootdir}/man'
mkdir_p='/bin/mkdir -p'
oldincludedir='/usr/include'
pdfdir='${docdir}'
prefix='/usr/local'
program_transform_name='s,x,x,'
psdir='${docdir}'
sbindir='${exec_prefix}/sbin'
sharedstatedir='${prefix}/com'
sysconfdir='${prefix}/etc'
target_alias=''

## ----------- ##
## confdefs.h. ##
## ----------- ##

/* confdefs.h */
#define PACKAGE_NAME ""
#define PACKAGE_TARNAME ""
#define PACKAGE_VERSION ""
#define PACKAGE_STRING ""
#define PACKAGE_BUGREPORT ""
#define PACKAGE_URL ""
#define PACKAGE "multi2sim"
#define VERSION "4.0"
#define STDC_HEADERS 1
#define HAVE_SYS_WAIT_H 1
#define HAVE_SYS_TYPES_H 1
#define HAVE_SYS_STAT_H 1
#define HAVE_STDLIB_H 1
#define HAVE_STRING_H 1
#define HAVE_MEMORY_H 1
#define HAVE_STRINGS_H 1
#define HAVE_INTTYPES_H 1
#define HAVE_STDINT_H 1
#define HAVE_UNISTD_H 1
#define HAVE_FCNTL_H 1
#define HAVE_FLOAT_H 1
#define HAVE_STDDEF_H 1
#define HAVE_STDINT_H 1
#define HAVE_STDLIB_H 1
#define HAVE_STRING_H 1
#define HAVE_SYS_IOCTL_H 1
#define HAVE_SYS_SOCKET_H 1
#define HAVE_SYS_TIME_H 1
#define HAVE_UNISTD_H 1
#define HAVE_UTIME_H 1
#define HAVE_ELF_H 1
#define HAVE_ZLIB_H 1
#define HAVE_LIBZ 1
#define HAVE_STRUCT_STAT_ST_BLKSIZE 1
#define HAVE_STRUCT_STAT_ST_BLOCKS 1
#define HAVE_ST_BLOCKS 1
#define HAVE_STRUCT_STAT_ST_RDEV 1
#define HAVE_UNISTD_H 1
#define HAVE_CHOWN 1
#define LSTAT_FOLLOWS_SLASHED_SYMLINK 1
#define HAVE_STDLIB_H 1
#define HAVE_MALLOC 1
#define HAVE_STDLIB_H 1
#define HAVE_UNISTD_H 1
#define HAVE_SYS_PARAM_H 1
#define HAVE_GETPAGESIZE 1
#define HAVE_MMAP 1
#define HAVE_STDLIB_H 1
#define HAVE_REALLOC 1
#define HAVE_ALARM 1
#define HAVE_BZERO 1
#define HAVE_FTRUNCATE 1
#define HAVE_GETCWD 1
#define HAVE_GETTIMEOFDAY 1
#define HAVE_MEMSET 1
#define HAVE_MKDIR 1
#define HAVE_MUNMAP 1
#define HAVE_SELECT 1
#define HAVE_SOCKET 1
#define HAVE_STRCASECMP 1
#define HAVE_STRCHR 1
#define HAVE_STRDUP 1
#define HAVE_STRNCASECMP 1
#define HAVE_STRTOL 1
#define HAVE_UTIME 1
#define HAVE_LIBM 1
#define HAVE_LIBPTHREAD 1
#define HAVE_GTK 1

configure: exit 0
